  源.cpp
F:\College\CPP\accelerate\accelerate++\源.cpp(4,2): error C2653: “print”: 不是类或命名空间名称
F:\College\CPP\accelerate\accelerate++\源.cpp(4,9): error C3861: “print”: 找不到标识符
